[  0%] Built target std_msgs_generate_messages_nodejs
[  0%] Built target _ros_arduino_msgs_generate_messages_check_deps_AnalogFloat
[  0%] Built target _ros_arduino_msgs_generate_messages_check_deps_DigitalSetDirection
[  0%] Built target _ros_arduino_msgs_generate_messages_check_deps_DigitalRead
[  0%] Built target _ros_arduino_msgs_generate_messages_check_deps_SensorState
[  0%] Built target _ros_arduino_msgs_generate_messages_check_deps_AnalogWrite
[  0%] Built target _ros_arduino_msgs_generate_messages_check_deps_ServoRead
[  0%] Built target _ros_arduino_msgs_generate_messages_check_deps_DigitalWrite
[  0%] Built target _ros_arduino_msgs_generate_messages_check_deps_Analog
[  0%] Built target _ros_arduino_msgs_generate_messages_check_deps_ArduinoConstants
[  0%] Built target _ros_arduino_msgs_generate_messages_check_deps_AnalogRead
[  0%] Built target std_msgs_generate_messages_py
[  0%] Built target std_msgs_generate_messages_lisp
[  0%] Built target _ros_arduino_msgs_generate_messages_check_deps_ServoWrite
[  0%] Built target std_msgs_generate_messages_cpp
[  0%] Built target _ros_arduino_msgs_generate_messages_check_deps_Digital
[  0%] Built target std_msgs_generate_messages_eus
[ 20%] Built target ros_arduino_msgs_generate_messages_eus
[ 39%] Built target ros_arduino_msgs_generate_messages_lisp
[ 61%] Built target ros_arduino_msgs_generate_messages_py
[ 80%] Built target ros_arduino_msgs_generate_messages_nodejs
[100%] Built target ros_arduino_msgs_generate_messages_cpp
[100%] Built target ros_arduino_msgs_generate_messages
