[01m[K/home/kyle/ros/2dslam_ws/src/ros_gogodog_bridge/src/dog_driver_node.cpp:[m[K In constructor ‘[01m[Kdog_driver::DogDriverNode::DogDriverNode()[m[K’:
[01m[K/home/kyle/ros/2dslam_ws/src/ros_gogodog_bridge/src/dog_driver_node.cpp:15:97:[m[K [01;31m[Kerror: [m[Kno matching function for call to ‘[01m[Kros::NodeHandle::subscribe<geometry_msgs::Twist>(const char [9], int, void (dog_driver::DogDriverNode::*)(geometry_msgs::Twist_<std::allocator<void> >::ConstPtr), dog_driver::DogDriverNode*)[m[K’
  sub_vel = n_.subscribe<geometry_msgs::Twist>("/cmd_vel", 5, &DogDriverNode::cmdVelHandler, this[01;31m[K)[m[K;
                                                                                                 [01;31m[K^[m[K
In file included from [01m[K/opt/ros/melodic/include/ros/ros.h:45:0[m[K,
                 from [01m[K/home/kyle/ros/2dslam_ws/src/ros_gogodog_bridge/include/ros_gogodog_bridge/dog_driver_node.hpp:4[m[K,
                 from [01m[K/home/kyle/ros/2dslam_ws/src/ros_gogodog_bridge/src/dog_driver_node.cpp:2[m[K:
[01m[K/opt/ros/melodic/include/ros/node_handle.h:402:14:[m[K [01;36m[Knote: [m[Kcandidate: template<class M, class T> ros::Subscriber ros::NodeHandle::subscribe(const string&, uint32_t, void (T::*)(M), T*, const ros::TransportHints&)
   Subscriber [01;36m[Ksubscribe[m[K(const std::string& topic, uint32_t queue_size, void(T::*fp)(M), T* obj,
              [01;36m[K^~~~~~~~~[m[K
[01m[K/opt/ros/melodic/include/ros/node_handle.h:402:14:[m[K [01;36m[Knote: [m[K  template argument deduction/substitution failed:
[01m[K/home/kyle/ros/2dslam_ws/src/ros_gogodog_bridge/src/dog_driver_node.cpp:15:97:[m[K [01;36m[Knote: [m[K  mismatched types ‘[01m[Kgeometry_msgs::Twist_<std::allocator<void> >[m[K’ and ‘[01m[Kgeometry_msgs::Twist_<std::allocator<void> >::ConstPtr {aka boost::shared_ptr<const geometry_msgs::Twist_<std::allocator<void> > >}[m[K’
  sub_vel = n_.subscribe<geometry_msgs::Twist>("/cmd_vel", 5, &DogDriverNode::cmdVelHandler, this[01;36m[K)[m[K;
                                                                                                 [01;36m[K^[m[K
In file included from [01m[K/opt/ros/melodic/include/ros/ros.h:45:0[m[K,
                 from [01m[K/home/kyle/ros/2dslam_ws/src/ros_gogodog_bridge/include/ros_gogodog_bridge/dog_driver_node.hpp:4[m[K,
                 from [01m[K/home/kyle/ros/2dslam_ws/src/ros_gogodog_bridge/src/dog_driver_node.cpp:2[m[K:
[01m[K/opt/ros/melodic/include/ros/node_handle.h:413:14:[m[K [01;36m[Knote: [m[Kcandidate: template<class M, class T> ros::Subscriber ros::NodeHandle::subscribe(const string&, uint32_t, void (T::*)(M) const, T*, const ros::TransportHints&)
   Subscriber [01;36m[Ksubscribe[m[K(const std::string& topic, uint32_t queue_size, void(T::*fp)(M) const, T* obj,
              [01;36m[K^~~~~~~~~[m[K
[01m[K/opt/ros/melodic/include/ros/node_handle.h:413:14:[m[K [01;36m[Knote: [m[K  template argument deduction/substitution failed:
[01m[K/home/kyle/ros/2dslam_ws/src/ros_gogodog_bridge/src/dog_driver_node.cpp:15:97:[m[K [01;36m[Knote: [m[K  types ‘[01m[Kvoid (T::)(geometry_msgs::Twist_<std::allocator<void> >) const[m[K’ and ‘[01m[Kvoid (dog_driver::DogDriverNode::)(geometry_msgs::Twist_<std::allocator<void> >::ConstPtr) {aka void (dog_driver::DogDriverNode::)(boost::shared_ptr<const geometry_msgs::Twist_<std::allocator<void> > >)}[m[K’ have incompatible cv-qualifiers
  sub_vel = n_.subscribe<geometry_msgs::Twist>("/cmd_vel", 5, &DogDriverNode::cmdVelHandler, this[01;36m[K)[m[K;
                                                                                                 [01;36m[K^[m[K
In file included from [01m[K/opt/ros/melodic/include/ros/ros.h:45:0[m[K,
                 from [01m[K/home/kyle/ros/2dslam_ws/src/ros_gogodog_bridge/include/ros_gogodog_bridge/dog_driver_node.hpp:4[m[K,
                 from [01m[K/home/kyle/ros/2dslam_ws/src/ros_gogodog_bridge/src/dog_driver_node.cpp:2[m[K:
[01m[K/opt/ros/melodic/include/ros/node_handle.h:465:14:[m[K [01;36m[Knote: [m[Kcandidate: template<class M, class T> ros::Subscriber ros::NodeHandle::subscribe(const string&, uint32_t, void (T::*)(const boost::shared_ptr<const M>&), T*, const ros::TransportHints&)
   Subscriber [01;36m[Ksubscribe[m[K(const std::string& topic, uint32_t queue_size,
              [01;36m[K^~~~~~~~~[m[K
[01m[K/opt/ros/melodic/include/ros/node_handle.h:465:14:[m[K [01;36m[Knote: [m[K  template argument deduction/substitution failed:
[01m[K/home/kyle/ros/2dslam_ws/src/ros_gogodog_bridge/src/dog_driver_node.cpp:15:97:[m[K [01;36m[Knote: [m[K  mismatched types ‘[01m[Kconst boost::shared_ptr<const geometry_msgs::Twist_<std::allocator<void> > >&[m[K’ and ‘[01m[Kgeometry_msgs::Twist_<std::allocator<void> >::ConstPtr {aka boost::shared_ptr<const geometry_msgs::Twist_<std::allocator<void> > >}[m[K’
  sub_vel = n_.subscribe<geometry_msgs::Twist>("/cmd_vel", 5, &DogDriverNode::cmdVelHandler, this[01;36m[K)[m[K;
                                                                                                 [01;36m[K^[m[K
In file included from [01m[K/opt/ros/melodic/include/ros/ros.h:45:0[m[K,
                 from [01m[K/home/kyle/ros/2dslam_ws/src/ros_gogodog_bridge/include/ros_gogodog_bridge/dog_driver_node.hpp:4[m[K,
                 from [01m[K/home/kyle/ros/2dslam_ws/src/ros_gogodog_bridge/src/dog_driver_node.cpp:2[m[K:
[01m[K/opt/ros/melodic/include/ros/node_handle.h:475:14:[m[K [01;36m[Knote: [m[Kcandidate: template<class M, class T> ros::Subscriber ros::NodeHandle::subscribe(const string&, uint32_t, void (T::*)(const boost::shared_ptr<const M>&) const, T*, const ros::TransportHints&)
   Subscriber [01;36m[Ksubscribe[m[K(const std::string& topic, uint32_t queue_size,
              [01;36m[K^~~~~~~~~[m[K
[01m[K/opt/ros/melodic/include/ros/node_handle.h:475:14:[m[K [01;36m[Knote: [m[K  template argument deduction/substitution failed:
[01m[K/home/kyle/ros/2dslam_ws/src/ros_gogodog_bridge/src/dog_driver_node.cpp:15:97:[m[K [01;36m[Knote: [m[K  types ‘[01m[Kvoid (T::)(const boost::shared_ptr<const geometry_msgs::Twist_<std::allocator<void> > >&) const[m[K’ and ‘[01m[Kvoid (dog_driver::DogDriverNode::)(geometry_msgs::Twist_<std::allocator<void> >::ConstPtr) {aka void (dog_driver::DogDriverNode::)(boost::shared_ptr<const geometry_msgs::Twist_<std::allocator<void> > >)}[m[K’ have incompatible cv-qualifiers
  sub_vel = n_.subscribe<geometry_msgs::Twist>("/cmd_vel", 5, &DogDriverNode::cmdVelHandler, this[01;36m[K)[m[K;
                                                                                                 [01;36m[K^[m[K
In file included from [01m[K/opt/ros/melodic/include/ros/ros.h:45:0[m[K,
                 from [01m[K/home/kyle/ros/2dslam_ws/src/ros_gogodog_bridge/include/ros_gogodog_bridge/dog_driver_node.hpp:4[m[K,
                 from [01m[K/home/kyle/ros/2dslam_ws/src/ros_gogodog_bridge/src/dog_driver_node.cpp:2[m[K:
[01m[K/opt/ros/melodic/include/ros/node_handle.h:529:14:[m[K [01;36m[Knote: [m[Kcandidate: template<class M, class T> ros::Subscriber ros::NodeHandle::subscribe(const string&, uint32_t, void (T::*)(M), const boost::shared_ptr<U>&, const ros::TransportHints&)
   Subscriber [01;36m[Ksubscribe[m[K(const std::string& topic, uint32_t queue_size, void(T::*fp)(M),
              [01;36m[K^~~~~~~~~[m[K
[01m[K/opt/ros/melodic/include/ros/node_handle.h:529:14:[m[K [01;36m[Knote: [m[K  template argument deduction/substitution failed:
[01m[K/home/kyle/ros/2dslam_ws/src/ros_gogodog_bridge/src/dog_driver_node.cpp:15:97:[m[K [01;36m[Knote: [m[K  mismatched types ‘[01m[Kgeometry_msgs::Twist_<std::allocator<void> >[m[K’ and ‘[01m[Kgeometry_msgs::Twist_<std::allocator<void> >::ConstPtr {aka boost::shared_ptr<const geometry_msgs::Twist_<std::allocator<void> > >}[m[K’
  sub_vel = n_.subscribe<geometry_msgs::Twist>("/cmd_vel", 5, &DogDriverNode::cmdVelHandler, this[01;36m[K)[m[K;
                                                                                                 [01;36m[K^[m[K
In file included from [01m[K/opt/ros/melodic/include/ros/ros.h:45:0[m[K,
                 from [01m[K/home/kyle/ros/2dslam_ws/src/ros_gogodog_bridge/include/ros_gogodog_bridge/dog_driver_node.hpp:4[m[K,
                 from [01m[K/home/kyle/ros/2dslam_ws/src/ros_gogodog_bridge/src/dog_driver_node.cpp:2[m[K:
[01m[K/opt/ros/melodic/include/ros/node_handle.h:540:14:[m[K [01;36m[Knote: [m[Kcandidate: template<class M, class T> ros::Subscriber ros::NodeHandle::subscribe(const string&, uint32_t, void (T::*)(M) const, const boost::shared_ptr<U>&, const ros::TransportHints&)
   Subscriber [01;36m[Ksubscribe[m[K(const std::string& topic, uint32_t queue_size, void(T::*fp)(M) const,
              [01;36m[K^~~~~~~~~[m[K
[01m[K/opt/ros/melodic/include/ros/node_handle.h:540:14:[m[K [01;36m[Knote: [m[K  template argument deduction/substitution failed:
[01m[K/home/kyle/ros/2dslam_ws/src/ros_gogodog_bridge/src/dog_driver_node.cpp:15:97:[m[K [01;36m[Knote: [m[K  types ‘[01m[Kvoid (T::)(geometry_msgs::Twist_<std::allocator<void> >) const[m[K’ and ‘[01m[Kvoid (dog_driver::DogDriverNode::)(geometry_msgs::Twist_<std::allocator<void> >::ConstPtr) {aka void (dog_driver::DogDriverNode::)(boost::shared_ptr<const geometry_msgs::Twist_<std::allocator<void> > >)}[m[K’ have incompatible cv-qualifiers
  sub_vel = n_.subscribe<geometry_msgs::Twist>("/cmd_vel", 5, &DogDriverNode::cmdVelHandler, this[01;36m[K)[m[K;
                                                                                                 [01;36m[K^[m[K
In file included from [01m[K/opt/ros/melodic/include/ros/ros.h:45:0[m[K,
                 from [01m[K/home/kyle/ros/2dslam_ws/src/ros_gogodog_bridge/include/ros_gogodog_bridge/dog_driver_node.hpp:4[m[K,
                 from [01m[K/home/kyle/ros/2dslam_ws/src/ros_gogodog_bridge/src/dog_driver_node.cpp:2[m[K:
[01m[K/opt/ros/melodic/include/ros/node_handle.h:594:14:[m[K [01;36m[Knote: [m[Kcandidate: template<class M, class T> ros::Subscriber ros::NodeHandle::subscribe(const string&, uint32_t, void (T::*)(const boost::shared_ptr<const M>&), const boost::shared_ptr<U>&, const ros::TransportHints&)
   Subscriber [01;36m[Ksubscribe[m[K(const std::string& topic, uint32_t queue_size,
              [01;36m[K^~~~~~~~~[m[K
[01m[K/opt/ros/melodic/include/ros/node_handle.h:594:14:[m[K [01;36m[Knote: [m[K  template argument deduction/substitution failed:
[01m[K/home/kyle/ros/2dslam_ws/src/ros_gogodog_bridge/src/dog_driver_node.cpp:15:97:[m[K [01;36m[Knote: [m[K  mismatched types ‘[01m[Kconst boost::shared_ptr<const geometry_msgs::Twist_<std::allocator<void> > >&[m[K’ and ‘[01m[Kgeometry_msgs::Twist_<std::allocator<void> >::ConstPtr {aka boost::shared_ptr<const geometry_msgs::Twist_<std::allocator<void> > >}[m[K’
  sub_vel = n_.subscribe<geometry_msgs::Twist>("/cmd_vel", 5, &DogDriverNode::cmdVelHandler, this[01;36m[K)[m[K;
                                                                                                 [01;36m[K^[m[K
In file included from [01m[K/opt/ros/melodic/include/ros/ros.h:45:0[m[K,
                 from [01m[K/home/kyle/ros/2dslam_ws/src/ros_gogodog_bridge/include/ros_gogodog_bridge/dog_driver_node.hpp:4[m[K,
                 from [01m[K/home/kyle/ros/2dslam_ws/src/ros_gogodog_bridge/src/dog_driver_node.cpp:2[m[K:
[01m[K/opt/ros/melodic/include/ros/node_handle.h:605:14:[m[K [01;36m[Knote: [m[Kcandidate: template<class M, class T> ros::Subscriber ros::NodeHandle::subscribe(const string&, uint32_t, void (T::*)(const boost::shared_ptr<const M>&) const, const boost::shared_ptr<U>&, const ros::TransportHints&)
   Subscriber [01;36m[Ksubscribe[m[K(const std::string& topic, uint32_t queue_size,
              [01;36m[K^~~~~~~~~[m[K
[01m[K/opt/ros/melodic/include/ros/node_handle.h:605:14:[m[K [01;36m[Knote: [m[K  template argument deduction/substitution failed:
[01m[K/home/kyle/ros/2dslam_ws/src/ros_gogodog_bridge/src/dog_driver_node.cpp:15:97:[m[K [01;36m[Knote: [m[K  types ‘[01m[Kvoid (T::)(const boost::shared_ptr<const geometry_msgs::Twist_<std::allocator<void> > >&) const[m[K’ and ‘[01m[Kvoid (dog_driver::DogDriverNode::)(geometry_msgs::Twist_<std::allocator<void> >::ConstPtr) {aka void (dog_driver::DogDriverNode::)(boost::shared_ptr<const geometry_msgs::Twist_<std::allocator<void> > >)}[m[K’ have incompatible cv-qualifiers
  sub_vel = n_.subscribe<geometry_msgs::Twist>("/cmd_vel", 5, &DogDriverNode::cmdVelHandler, this[01;36m[K)[m[K;
                                                                                                 [01;36m[K^[m[K
In file included from [01m[K/opt/ros/melodic/include/ros/ros.h:45:0[m[K,
                 from [01m[K/home/kyle/ros/2dslam_ws/src/ros_gogodog_bridge/include/ros_gogodog_bridge/dog_driver_node.hpp:4[m[K,
                 from [01m[K/home/kyle/ros/2dslam_ws/src/ros_gogodog_bridge/src/dog_driver_node.cpp:2[m[K:
[01m[K/opt/ros/melodic/include/ros/node_handle.h:656:14:[m[K [01;36m[Knote: [m[Kcandidate: template<class M> ros::Subscriber ros::NodeHandle::subscribe(const string&, uint32_t, void (*)(M), const ros::TransportHints&)
   Subscriber [01;36m[Ksubscribe[m[K(const std::string& topic, uint32_t queue_size, void(*fp)(M), const TransportHints& transport_hints = TransportHints())
              [01;36m[K^~~~~~~~~[m[K
[01m[K/opt/ros/melodic/include/ros/node_handle.h:656:14:[m[K [01;36m[Knote: [m[K  template argument deduction/substitution failed:
[01m[K/home/kyle/ros/2dslam_ws/src/ros_gogodog_bridge/src/dog_driver_node.cpp:15:97:[m[K [01;36m[Knote: [m[K  cannot convert ‘[01m[K&dog_driver::DogDriverNode::cmdVelHandler[m[K’ (type ‘[01m[Kvoid (dog_driver::DogDriverNode::*)(geometry_msgs::Twist_<std::allocator<void> >::ConstPtr) {aka void (dog_driver::DogDriverNode::*)(boost::shared_ptr<const geometry_msgs::Twist_<std::allocator<void> > >)}[m[K’) to type ‘[01m[Kvoid (*)(geometry_msgs::Twist_<std::allocator<void> >)[m[K’
  sub_vel = n_.subscribe<geometry_msgs::Twist>("/cmd_vel", 5, &DogDriverNode::cmdVelHandler, this[01;36m[K)[m[K;
                                                                                                 [01;36m[K^[m[K
In file included from [01m[K/opt/ros/melodic/include/ros/ros.h:45:0[m[K,
                 from [01m[K/home/kyle/ros/2dslam_ws/src/ros_gogodog_bridge/include/ros_gogodog_bridge/dog_driver_node.hpp:4[m[K,
                 from [01m[K/home/kyle/ros/2dslam_ws/src/ros_gogodog_bridge/src/dog_driver_node.cpp:2[m[K:
[01m[K/opt/ros/melodic/include/ros/node_handle.h:704:14:[m[K [01;36m[Knote: [m[Kcandidate: template<class M> ros::Subscriber ros::NodeHandle::subscribe(const string&, uint32_t, void (*)(const boost::shared_ptr<const M>&), const ros::TransportHints&)
   Subscriber [01;36m[Ksubscribe[m[K(const std::string& topic, uint32_t queue_size, void(*fp)(const boost::shared_ptr<M const>&), const TransportHints& transport_hints = TransportHints())
              [01;36m[K^~~~~~~~~[m[K
[01m[K/opt/ros/melodic/include/ros/node_handle.h:704:14:[m[K [01;36m[Knote: [m[K  template argument deduction/substitution failed:
[01m[K/home/kyle/ros/2dslam_ws/src/ros_gogodog_bridge/src/dog_driver_node.cpp:15:97:[m[K [01;36m[Knote: [m[K  cannot convert ‘[01m[K&dog_driver::DogDriverNode::cmdVelHandler[m[K’ (type ‘[01m[Kvoid (dog_driver::DogDriverNode::*)(geometry_msgs::Twist_<std::allocator<void> >::ConstPtr) {aka void (dog_driver::DogDriverNode::*)(boost::shared_ptr<const geometry_msgs::Twist_<std::allocator<void> > >)}[m[K’) to type ‘[01m[Kvoid (*)(const boost::shared_ptr<const geometry_msgs::Twist_<std::allocator<void> > >&)[m[K’
  sub_vel = n_.subscribe<geometry_msgs::Twist>("/cmd_vel", 5, &DogDriverNode::cmdVelHandler, this[01;36m[K)[m[K;
                                                                                                 [01;36m[K^[m[K
In file included from [01m[K/opt/ros/melodic/include/ros/ros.h:45:0[m[K,
                 from [01m[K/home/kyle/ros/2dslam_ws/src/ros_gogodog_bridge/include/ros_gogodog_bridge/dog_driver_node.hpp:4[m[K,
                 from [01m[K/home/kyle/ros/2dslam_ws/src/ros_gogodog_bridge/src/dog_driver_node.cpp:2[m[K:
[01m[K/opt/ros/melodic/include/ros/node_handle.h:750:14:[m[K [01;36m[Knote: [m[Kcandidate: template<class M> ros::Subscriber ros::NodeHandle::subscribe(const string&, uint32_t, const boost::function<void(const boost::shared_ptr<const M>&)>&, const VoidConstPtr&, const ros::TransportHints&)
   Subscriber [01;36m[Ksubscribe[m[K(const std::string& topic, uint32_t queue_size, const boost::function<void (const boost::shared_ptr<M const>&)>& callback,
              [01;36m[K^~~~~~~~~[m[K
[01m[K/opt/ros/melodic/include/ros/node_handle.h:750:14:[m[K [01;36m[Knote: [m[K  template argument deduction/substitution failed:
[01m[K/home/kyle/ros/2dslam_ws/src/ros_gogodog_bridge/src/dog_driver_node.cpp:15:97:[m[K [01;36m[Knote: [m[K  cannot convert ‘[01m[K(dog_driver::DogDriverNode*)this[m[K’ (type ‘[01m[Kdog_driver::DogDriverNode*[m[K’) to type ‘[01m[Kconst VoidConstPtr& {aka const boost::shared_ptr<const void>&}[m[K’
  sub_vel = n_.subscribe<geometry_msgs::Twist>("/cmd_vel", 5, &DogDriverNode::cmdVelHandler, this[01;36m[K)[m[K;
                                                                                                 [01;36m[K^[m[K
In file included from [01m[K/opt/ros/melodic/include/ros/ros.h:45:0[m[K,
                 from [01m[K/home/kyle/ros/2dslam_ws/src/ros_gogodog_bridge/include/ros_gogodog_bridge/dog_driver_node.hpp:4[m[K,
                 from [01m[K/home/kyle/ros/2dslam_ws/src/ros_gogodog_bridge/src/dog_driver_node.cpp:2[m[K:
[01m[K/opt/ros/melodic/include/ros/node_handle.h:799:14:[m[K [01;36m[Knote: [m[Kcandidate: template<class M, class C> ros::Subscriber ros::NodeHandle::subscribe(const string&, uint32_t, const boost::function<void(C)>&, const VoidConstPtr&, const ros::TransportHints&)
   Subscriber [01;36m[Ksubscribe[m[K(const std::string& topic, uint32_t queue_size, const boost::function<void (C)>& callback,
              [01;36m[K^~~~~~~~~[m[K
[01m[K/opt/ros/melodic/include/ros/node_handle.h:799:14:[m[K [01;36m[Knote: [m[K  template argument deduction/substitution failed:
[01m[K/home/kyle/ros/2dslam_ws/src/ros_gogodog_bridge/src/dog_driver_node.cpp:15:97:[m[K [01;36m[Knote: [m[K  mismatched types ‘[01m[Kconst boost::function<void(C)>[m[K’ and ‘[01m[Kvoid (dog_driver::DogDriverNode::*)(geometry_msgs::Twist_<std::allocator<void> >::ConstPtr) {aka void (dog_driver::DogDriverNode::*)(boost::shared_ptr<const geometry_msgs::Twist_<std::allocator<void> > >)}[m[K’
  sub_vel = n_.subscribe<geometry_msgs::Twist>("/cmd_vel", 5, &DogDriverNode::cmdVelHandler, this[01;36m[K)[m[K;
                                                                                                 [01;36m[K^[m[K
make[2]: *** [CMakeFiles/dog_driver_node.dir/src/dog_driver_node.cpp.o] Error 1
make[1]: *** [CMakeFiles/dog_driver_node.dir/all] Error 2
make: *** [all] Error 2
