CMakeFiles/dog_driver_node.dir/src/dog_driver_node.cpp.o: In function `dog_driver::DogDriverNode::DogDriverNode()':
dog_driver_node.cpp:(.text+0x7e): undefined reference to `ros::NodeHandle::NodeHandle(std::__cxx11::basic_string<char, std::char_traits<char>, std::allocator<char> > const&, std::map<std::__cxx11::basic_string<char, std::char_traits<char>, std::allocator<char> >, std::__cxx11::basic_string<char, std::char_traits<char>, std::allocator<char> >, std::less<std::__cxx11::basic_string<char, std::char_traits<char>, std::allocator<char> > >, std::allocator<std::pair<std::__cxx11::basic_string<char, std::char_traits<char>, std::allocator<char> > const, std::__cxx11::basic_string<char, std::char_traits<char>, std::allocator<char> > > > > const&)'
dog_driver_node.cpp:(.text+0x197): undefined reference to `ros::Subscriber::~Subscriber()'
dog_driver_node.cpp:(.text+0x1a3): undefined reference to `ros::Publisher::~Publisher()'
dog_driver_node.cpp:(.text+0x1ab): undefined reference to `ros::NodeHandle::~NodeHandle()'
CMakeFiles/dog_driver_node.dir/src/dog_driver_node.cpp.o: In function `dog_driver::DogDriverNode::~DogDriverNode()':
dog_driver_node.cpp:(.text+0x22a): undefined reference to `ros::Subscriber::~Subscriber()'
dog_driver_node.cpp:(.text+0x236): undefined reference to `ros::Publisher::~Publisher()'
CMakeFiles/dog_driver_node.dir/src/dog_driver_node.cpp.o: In function `dog_driver::DogDriverNode::~DogDriverNode()':
dog_driver_node.cpp:(.text+0x28a): undefined reference to `ros::Subscriber::~Subscriber()'
dog_driver_node.cpp:(.text+0x296): undefined reference to `ros::Publisher::~Publisher()'
dog_driver_node.cpp:(.text+0x29f): undefined reference to `ros::NodeHandle::~NodeHandle()'
CMakeFiles/dog_driver_node.dir/src/dog_driver_node.cpp.o: In function `dog_driver::DogDriverNode::~DogDriverNode()':
dog_driver_node.cpp:(.text+0x240): undefined reference to `ros::NodeHandle::~NodeHandle()'
CMakeFiles/dog_driver_node.dir/src/dog_driver_node.cpp.o: In function `main':
dog_driver_node.cpp:(.text.startup+0x8f): undefined reference to `ros::init(int&, char**, std::__cxx11::basic_string<char, std::char_traits<char>, std::allocator<char> > const&, unsigned int)'
collect2: error: ld returned 1 exit status
make[2]: *** [/home/kyle/ros/2dslam_ws/devel/.private/ros_gogodog_bridge/lib/ros_gogodog_bridge/dog_driver_node] Error 1
make[1]: *** [CMakeFiles/dog_driver_node.dir/all] Error 2
make: *** [all] Error 2
